Case #1: 1 0
Case #2: 1 0
Case #3: 1 1
Case #4: 0 0
Case #5: 500 499
Case #6: 3 3
Case #7: 0 0
Case #8: 0 0
Case #9: 1 0
Case #10: 0 0
Case #11: 499 499
Case #12: 0 0
Case #13: 0 0
Case #14: 1 0
Case #15: 0 0
Case #16: 1 0
Case #17: 0 0
Case #18: 0 0
Case #19: 0 0
Case #20: 0 0
Case #21: 1 0
Case #22: 0 0
Case #23: 0 0
Case #24: 1 1
Case #25: 0 0
Case #26: 0 0
Case #27: 1 1
Case #28: 125 124
Case #29: 0 0
Case #30: 0 0
Case #31: 2 1
Case #32: 1 0
Case #33: 0 0
Case #34: 0 0
Case #35: 0 0
Case #36: 1 1
Case #37: 1 1
Case #38: 0 0
Case #39: 3 2
Case #40: 1 0
Case #41: 0 0
Case #42: 0 0
Case #43: 2 1
Case #44: 0 0
Case #45: 1 0
Case #46: 1 0
Case #47: 250 249
Case #48: 0 0
Case #49: 0 0
Case #50: 0 0
Case #51: 1 0
Case #52: 3 3
Case #53: 0 0
Case #54: 0 0
Case #55: 0 0
Case #56: 250 249
Case #57: 2 1
Case #58: 1 0
Case #59: 0 0
Case #60: 0 0
Case #61: 249 249
Case #62: 0 0
Case #63: 0 0
Case #64: 3 3
Case #65: 3 3
Case #66: 0 0
Case #67: 2 2
Case #68: 0 0
Case #69: 1 0
Case #70: 0 0
Case #71: 1 0
Case #72: 0 0
Case #73: 0 0
Case #74: 0 0
Case #75: 0 0
Case #76: 0 0
Case #77: 0 0
Case #78: 1 0
Case #79: 1 0
Case #80: 1 0
Case #81: 0 0
Case #82: 0 0
Case #83: 0 0
Case #84: 0 0
Case #85: 0 0
Case #86: 1 0
Case #87: 0 0
Case #88: 1 1
Case #89: 1 0
Case #90: 1 1
Case #91: 0 0
Case #92: 0 0
Case #93: 1 1
Case #94: 0 0
Case #95: 1 1
Case #96: 0 0
Case #97: 0 0
Case #98: 1 0
Case #99: 0 0
Case #100: 0 0
