Case #1: CAB
Case #2: MJA
Case #3: OCDE
Case #4: BBAAA
Case #5: CCCABBBAB
Case #6: CCCBAABAB
Case #7: ZXCASDQWE
Case #8: BA
Case #9: CCBBAABBABBBBBA
Case #10: CCCCCBBBBBAAAAA
Case #11: BBA
Case #12: CBA
Case #13: DCBAAAAAAAACC
Case #14: TFFGNHPRKGPRPJS
Case #15: ZAYBXCWDUE
Case #16: CBBBAAAAAAAAA
Case #17: CCCCCBBBBBAAAAA
Case #18: ONMICEBKHJDLAFG
Case #19: ZYRDMDRPTSNHYJP
Case #20: BBA
Case #21: CCCCCCBBABBBBBB
Case #22: CBBBBBBAAAAAA
Case #23: DDDCCCCBABCCB
Case #24: CCCCCCBBABBAABA
Case #25: CCCCCCAABAAAAAA
Case #26: OMLIEKFDACBNHJG
Case #27: BBB
Case #28: CCCCCBBBBAAAABB
Case #29: BAA
Case #30: BB
Case #31: DDDCCCBBBBBABA
Case #32: CBA
Case #33: CCCBBBBBBAAAAAA
Case #34: AA
Case #35: MMABDEGHKLAJIFC
Case #36: CCCCCBBBBAAAAAB
Case #37: MMIHGCABDEFJKLA
Case #38: XXNNFFJQJPJNSTN
Case #39: MMAIJKLAHGFEDCB
Case #40: BBBBBAAAAAAAA
Case #41: BBA
Case #42: BAAA
Case #43: CCCCCCCBBAAAAAB
Case #44: BAAA
Case #45: CBBBBBBBBBAAAAA
Case #46: CCCCCBBBBBAAAAA
Case #47: CCCCCBBBBBAAAAA
Case #48: CCBAAABBBBAABBB
Case #49: BAA
Case #50: DCCBBBAAAAAAA
Case #51: ZDABC
Case #52: ONGADEFCHMJKLBI
Case #53: ONMLBADEFGCIJKH
Case #54: Z
Case #55: OJBAIFGHELKCMND
Case #56: ZABCD
Case #57: AAA
Case #58: ZEDCBAYXWU
Case #59: ZADBC
Case #60: CAB
Case #61: MMLAKJIGFEDCABH
Case #62: CCCCCABBBBBAAAA
Case #63: ZACBA
Case #64: BA
Case #65: BAA
Case #66: CCCCCBAABABAAAA
Case #67: CCCCCAABBBABABB
Case #68: CCBBBBAAAAAAABB
Case #69: ZAAAA
Case #70: A
Case #71: CCCCCBAAAABABBB
Case #72: DDCCCCBBBABBC
Case #73: CCCCCCCBABBBBAA
Case #74: ZABYCXDWEU
Case #75: OMEIKFLBGJNDCHA
Case #76: XWJHBMBFKRLSFRJ
Case #77: CCCBBBBBBAAAAAB
Case #78: CCCCCBABAABAABA
Case #79: RRBAACADABA
Case #80: CCCCCAAAABBBBBA
Case #81: CBBBAAABBBABA
Case #82: ZMDPMWDNFKMFTBV
Case #83: MMKJGEDCAALIHFB
Case #84: CCCCCBBBBBAAAAA
Case #85: MMALKHEDCBAFGIJ
Case #86: BAAA
Case #87: CCCCCBBBBBAAAAA
Case #88: CCCCCCCCBBAABBB
Case #89: ZDCBA
Case #90: OAMLKJIHGFEDCBN
Case #91: BAAA
Case #92: ONCMKLDIJFEHGBA
Case #93: CBA
Case #94: CBA
Case #95: OMLCFEHGBDJIANK
Case #96: CCBBAABAABAAAAA
Case #97: CCCCCBAAABBAAAA
Case #98: CCCCBBBBAABABBA
Case #99: CCBBAAAAAABAB
Case #100: ONMJHKBDLGFEICA
