Case #1: 1 0
Case #2: 1 0
Case #3: 1 1
Case #4: 0 0
Case #5: 500 499
Case #6: 3 2
Case #7: 1 1
Case #8: 0 0
Case #9: 1 0
Case #10: 3905 3905
Case #11: 500000 499999
Case #12: 0 0
Case #13: 1 0
Case #14: 0 0
Case #15: 0 0
Case #16: 0 0
Case #17: 3 2
Case #18: 0 0
Case #19: 1953 1952
Case #20: 1 0
Case #21: 0 0
Case #22: 1 0
Case #23: 499999 499999
Case #24: 1 0
Case #25: 0 0
Case #26: 0 0
Case #27: 0 0
Case #28: 3 2
Case #29: 0 0
Case #30: 0 0
Case #31: 0 0
Case #32: 0 0
Case #33: 0 0
Case #34: 1 1
Case #35: 0 0
Case #36: 2 2
Case #37: 0 0
Case #38: 0 0
Case #39: 0 0
Case #40: 1 1
Case #41: 1 0
Case #42: 1 0
Case #43: 0 0
Case #44: 1 0
Case #45: 1 1
Case #46: 1 0
Case #47: 0 0
Case #48: 3906 3905
Case #49: 1 0
Case #50: 0 0
Case #51: 1 1
Case #52: 0 0
Case #53: 7812 7811
Case #54: 1 0
Case #55: 0 0
Case #56: 1 1
Case #57: 0 0
Case #58: 249999 249999
Case #59: 250000 249999
Case #60: 0 0
Case #61: 0 0
Case #62: 1 0
Case #63: 0 0
Case #64: 0 0
Case #65: 0 0
Case #66: 0 0
Case #67: 1 0
Case #68: 0 0
Case #69: 3906 3905
Case #70: 1 1
Case #71: 0 0
Case #72: 0 0
Case #73: 1 0
Case #74: 0 0
Case #75: 1 1
Case #76: 0 0
Case #77: 0 0
