Case #1: 1 0
Case #2: 1 0
Case #3: 1 1
Case #4: 0 0
Case #5: 500 499
Case #6: 0 0
Case #7: 0 0
Case #8: 0 0
Case #9: 0 0
Case #10: 1 1
Case #11: 1 1
Case #12: 1 1
Case #13: 0 0
Case #14: 0 0
Case #15: 3 2
Case #16: 0 0
Case #17: 0 0
Case #18: 0 0
Case #19: 3 3
Case #20: 1 1
Case #21: 0 0
Case #22: 125 124
Case #23: 0 0
Case #24: 1 0
Case #25: 1 1
Case #26: 3 3
Case #27: 7 6
Case #28: 0 0
Case #29: 499 499
Case #30: 0 0
Case #31: 3 2
Case #32: 0 0
Case #33: 1 0
Case #34: 0 0
Case #35: 0 0
Case #36: 1 1
Case #37: 1 0
Case #38: 0 0
Case #39: 1 0
Case #40: 1 0
Case #41: 0 0
Case #42: 0 0
Case #43: 0 0
Case #44: 0 0
Case #45: 250 249
Case #46: 0 0
Case #47: 0 0
Case #48: 3 3
Case #49: 1 0
Case #50: 1 1
Case #51: 0 0
Case #52: 1 0
Case #53: 0 0
Case #54: 1 0
Case #55: 0 0
Case #56: 1 1
Case #57: 1 0
Case #58: 1 0
Case #59: 1 1
Case #60: 0 0
Case #61: 0 0
Case #62: 0 0
Case #63: 0 0
Case #64: 0 0
Case #65: 0 0
Case #66: 1 1
Case #67: 0 0
Case #68: 2 2
Case #69: 0 0
Case #70: 2 1
Case #71: 1 0
Case #72: 1 0
Case #73: 7 6
Case #74: 0 0
Case #75: 0 0
Case #76: 0 0
Case #77: 1 0
Case #78: 1 0
Case #79: 3 3
Case #80: 1 0
Case #81: 1 0
Case #82: 0 0
Case #83: 250 249
Case #84: 0 0
Case #85: 0 0
Case #86: 3 2
Case #87: 0 0
Case #88: 0 0
Case #89: 0 0
Case #90: 1 0
Case #91: 1 0
Case #92: 0 0
Case #93: 0 0
Case #94: 0 0
Case #95: 3 2
Case #96: 1 0
Case #97: 249 249
Case #98: 0 0
Case #99: 0 0
Case #100: 0 0
